<table>
    <defaults size="200"/>

    <table space="20" pad="20">

    </table>

    <table>

    </table>

    <row/>

    <table>

    </table>

    <table>

    </table>

    <table>

    </table>
</table>
