<table>
    <defaults size="200"/>

    <table fillParent="true" radius="50" color="#dfdfdf">
        <cell expand="xy" align="topLeft" size="300,300">
            <table>

            </table>
        </cell>
    </table>

    <cell>

    </cell>
    <cell space="20" pad="20">
        <table pad="20" radius="0,35,35,0" color="#ffffff">
            <cell>

            </cell>
            <cell>

            </cell>
        </table>
    </cell>
</table>
